This is pdfTeX, Version 3.1415926-2.5-1.40.14 (TeX Live 2013) (format=pdftex 2013.6.22)  8 JUL 2013 10:06
entering extended mode
 restricted \write18 enabled.
 %&-line parsing enabled.
**&plain story.tex
(./story.tex
Underfull \vbox (badness 10000) has occurred while \output is active
\vbox(643.20255+0.0)x0.0
.\glue(\topskip) 9.6
.\rule(0.4+0.0)x*

 [1{/usr/local/texlive/2013/texmf-var/fonts/map/pdftex/updmap/pdftex.map}] [2] 
)</usr/local/texlive/2013/texmf-dist/fonts/type1/public/amsfonts/cm/cmbx10.pfb>
</usr/local/texlive/2013/texmf-dist/fonts/type1/public/amsfonts/cm/cmr10.pfb></
usr/local/texlive/2013/texmf-dist/fonts/type1/public/amsfonts/cm/cmsl10.pfb>
Output written on story.pdf (2 pages, 36534 bytes).
PDF statistics:
 23 PDF objects out of 1000 (max. 8388607)
 15 compressed objects within 1 object stream
 0 named destinations out of 1000 (max. 500000)
 1 words of extra memory for PDF output out of 10000 (max. 10000000)

